  [1m[35m (754.2ms)[0m  [1m[35mCREATE TABLE "schema_migrations" ("version" varchar NOT NULL PRIMARY KEY) /*application='DeliverySystem'*/[0m
  [1m[35m (0.1ms)[0m  [1m[35mCREATE TABLE "ar_internal_metadata" ("key" varchar NOT NULL PRIMARY KEY, "value" varchar, "created_at" datetime(6) NOT NULL, "updated_at" datetime(6) NOT NULL) /*application='DeliverySystem'*/[0m
  [1m[36mActiveRecord::InternalMetadata Load (0.1ms)[0m  [1m[34mSELECT * FROM "ar_internal_metadata" WHERE "ar_internal_metadata"."key" = 'environment' ORDER BY "ar_internal_metadata"."key" ASC LIMIT 1 /*application='DeliverySystem'*/[0m
  [1m[36mActiveRecord::InternalMetadata Create (0.2ms)[0m  [1m[32mINSERT INTO "ar_internal_metadata" ("key", "value", "created_at", "updated_at") VALUES ('environment', 'development', '2025-07-21 20:03:03.667433', '2025-07-21 20:03:03.667436') RETURNING "key" /*application='DeliverySystem'*/[0m
  [1m[36mActiveRecord::SchemaMigration Load (0.1ms)[0m  [1m[34mSELECT "schema_migrations"."version" FROM "schema_migrations" ORDER BY "schema_migrations"."version" ASC /*application='DeliverySystem'*/[0m
Migrating to CreateOrders (20250721200231)
  [1m[36mTRANSACTION (0.0ms)[0m  [1m[35mBEGIN immediate TRANSACTION /*application='DeliverySystem'*/[0m
  [1m[35m (5.8ms)[0m  [1m[35mCREATE TABLE "orders" ("id" integer PRIMARY KEY AUTOINCREMENT NOT NULL, "user_id" integer NOT NULL, "pickup_address" varchar NOT NULL, "delivery_address" varchar NOT NULL, "items_description" text NOT NULL, "requested_at" datetime(6) NOT NULL, "estimated_value" decimal(10,2) NOT NULL, "created_at" datetime(6) NOT NULL, "updated_at" datetime(6) NOT NULL) /*application='DeliverySystem'*/[0m
  [1m[35m (0.2ms)[0m  [1m[35mCREATE INDEX "index_orders_on_user_id" ON "orders" ("user_id") /*application='DeliverySystem'*/[0m
  [1m[35m (0.1ms)[0m  [1m[35mCREATE INDEX "index_orders_on_requested_at" ON "orders" ("requested_at") /*application='DeliverySystem'*/[0m
  [1m[36mActiveRecord::SchemaMigration Create (0.2ms)[0m  [1m[32mINSERT INTO "schema_migrations" ("version") VALUES ('20250721200231') RETURNING "version" /*application='DeliverySystem'*/[0m
  [1m[36mTRANSACTION (0.1ms)[0m  [1m[35mCOMMIT TRANSACTION /*application='DeliverySystem'*/[0m
  [1m[36mActiveRecord::SchemaMigration Load (0.0ms)[0m  [1m[34mSELECT "schema_migrations"."version" FROM "schema_migrations" ORDER BY "schema_migrations"."version" ASC /*application='DeliverySystem'*/[0m
Started GET "/" for ::1 at 2025-07-21 17:13:09 -0300
  [1m[36mActiveRecord::SchemaMigration Load (0.6ms)[0m  [1m[34mSELECT "schema_migrations"."version" FROM "schema_migrations" ORDER BY "schema_migrations"."version" ASC /*application='DeliverySystem'*/[0m
Processing by OrdersController#index as HTML
  Rendering layout layouts/application.html.erb
  Rendering orders/index.html.erb within layouts/application
  Rendered orders/index.html.erb within layouts/application (Duration: 7.7ms | GC: 0.0ms)
  Rendered layout layouts/application.html.erb (Duration: 24.8ms | GC: 0.0ms)
Completed 200 OK in 226ms (Views: 29.9ms | ActiveRecord: 0.0ms (0 queries, 0 cached) | GC: 56.3ms)


Started GET "/assets/application-bfcdf840.js" for ::1 at 2025-07-21 17:13:10 -0300
Started GET "/assets/turbo.min-3a2e143f.js" for ::1 at 2025-07-21 17:13:10 -0300
Started GET "/assets/stimulus.min-4b1e420e.js" for ::1 at 2025-07-21 17:13:10 -0300
Started GET "/assets/controllers/index-ee64e1f1.js" for ::1 at 2025-07-21 17:13:10 -0300
Started GET "/assets/stimulus-loading-1fc53fe7.js" for ::1 at 2025-07-21 17:13:10 -0300
Started GET "/assets/controllers/application-3affb389.js" for ::1 at 2025-07-21 17:13:10 -0300
Started GET "/assets/controllers/hello_controller-708796bd.js" for ::1 at 2025-07-21 17:13:10 -0300
Started GET "/orders/new" for ::1 at 2025-07-21 17:13:11 -0300
Processing by OrdersController#new as HTML
  Rendering layout layouts/application.html.erb
  Rendering orders/new.html.erb within layouts/application
  Rendered orders/new.html.erb within layouts/application (Duration: 6.0ms | GC: 0.0ms)
  Rendered layout layouts/application.html.erb (Duration: 9.3ms | GC: 0.0ms)
Completed 200 OK in 51ms (Views: 9.9ms | ActiveRecord: 2.1ms (0 queries, 0 cached) | GC: 0.0ms)


Started GET "/orders" for ::1 at 2025-07-21 17:13:13 -0300
Processing by OrdersController#index as HTML
  Rendering layout layouts/application.html.erb
  Rendering orders/index.html.erb within layouts/application
  Rendered orders/index.html.erb within layouts/application (Duration: 2.1ms | GC: 0.0ms)
  Rendered layout layouts/application.html.erb (Duration: 4.3ms | GC: 0.0ms)
Completed 200 OK in 12ms (Views: 4.5ms | ActiveRecord: 0.0ms (0 queries, 0 cached) | GC: 0.0ms)


Started GET "/orders/new" for ::1 at 2025-07-21 17:13:14 -0300
Processing by OrdersController#new as HTML
  Rendering layout layouts/application.html.erb
  Rendering orders/new.html.erb within layouts/application
  Rendered orders/new.html.erb within layouts/application (Duration: 4.1ms | GC: 0.0ms)
  Rendered layout layouts/application.html.erb (Duration: 5.8ms | GC: 0.0ms)
Completed 200 OK in 17ms (Views: 6.8ms | ActiveRecord: 0.0ms (0 queries, 0 cached) | GC: 0.0ms)


Started POST "/orders" for ::1 at 2025-07-21 17:15:10 -0300
Processing by OrdersController#create as TURBO_STREAM
  Parameters: {"authenticity_token"=>"[FILTERED]", "order"=>{"user_id"=>"1", "pickup_address"=>"Rua americo vespúcio, 1131 - Itaperi", "delivery_address"=>"Av. Principal,456 - Bairro Novo.", "items_description"=>"1 Iphone 15 pro max\n2 smartwatch", "estimated_value"=>"15000"}, "commit"=>"Criar Pedido"}
  [1m[36mTRANSACTION (2.8ms)[0m  [1m[35mBEGIN immediate TRANSACTION /*action='create',application='DeliverySystem',controller='orders'*/[0m
  ↳ app/controllers/orders_controller.rb:30:in `block in create'
  [1m[36mOrder Create (6.5ms)[0m  [1m[32mINSERT INTO "orders" ("user_id", "pickup_address", "delivery_address", "items_description", "requested_at", "estimated_value", "created_at", "updated_at") VALUES (1, 'Rua americo vespúcio, 1131 - Itaperi', 'Av. Principal,456 - Bairro Novo.', '1 Iphone 15 pro max
2 smartwatch', '2025-07-21 20:15:10.107019', 15000.0, '2025-07-21 20:15:10.109099', '2025-07-21 20:15:10.109099') RETURNING "id" /*action='create',application='DeliverySystem',controller='orders'*/[0m
  ↳ app/controllers/orders_controller.rb:30:in `block in create'
  [1m[36mTRANSACTION (1160.8ms)[0m  [1m[35mCOMMIT TRANSACTION /*action='create',application='DeliverySystem',controller='orders'*/[0m
  ↳ app/controllers/orders_controller.rb:30:in `block in create'
Redirected to http://localhost:3000/orders
Completed 302 Found in 1201ms (ActiveRecord: 1170.0ms (1 query, 0 cached) | GC: 0.0ms)


Started GET "/orders" for ::1 at 2025-07-21 17:15:11 -0300
Processing by OrdersController#index as TURBO_STREAM
  Rendering layout layouts/application.html.erb
  Rendering orders/index.html.erb within layouts/application
  Rendered orders/index.html.erb within layouts/application (Duration: 1.4ms | GC: 0.0ms)
  Rendered layout layouts/application.html.erb (Duration: 7.2ms | GC: 0.0ms)
Completed 200 OK in 22ms (Views: 8.8ms | ActiveRecord: 0.0ms (0 queries, 0 cached) | GC: 0.0ms)


Started GET "/" for ::1 at 2025-07-21 17:15:13 -0300
Processing by OrdersController#index as HTML
  Rendering layout layouts/application.html.erb
  Rendering orders/index.html.erb within layouts/application
  Rendered orders/index.html.erb within layouts/application (Duration: 3.5ms | GC: 0.0ms)
  Rendered layout layouts/application.html.erb (Duration: 8.0ms | GC: 0.0ms)
Completed 200 OK in 18ms (Views: 8.3ms | ActiveRecord: 0.0ms (0 queries, 0 cached) | GC: 0.0ms)


Started GET "/orders/new" for ::1 at 2025-07-21 17:15:15 -0300
Processing by OrdersController#new as HTML
  Rendering layout layouts/application.html.erb
  Rendering orders/new.html.erb within layouts/application
  Rendered orders/new.html.erb within layouts/application (Duration: 10.4ms | GC: 0.0ms)
  Rendered layout layouts/application.html.erb (Duration: 11.6ms | GC: 0.0ms)
Completed 200 OK in 23ms (Views: 12.4ms | ActiveRecord: 0.0ms (0 queries, 0 cached) | GC: 0.0ms)


Started GET "/orders/new" for ::1 at 2025-07-21 17:15:16 -0300
Processing by OrdersController#new as HTML
  Rendering layout layouts/application.html.erb
  Rendering orders/new.html.erb within layouts/application
  Rendered orders/new.html.erb within layouts/application (Duration: 1.5ms | GC: 0.0ms)
  Rendered layout layouts/application.html.erb (Duration: 2.8ms | GC: 0.0ms)
Completed 200 OK in 13ms (Views: 5.2ms | ActiveRecord: 0.0ms (0 queries, 0 cached) | GC: 0.0ms)


Started GET "/orders/new" for ::1 at 2025-07-21 17:15:18 -0300
Processing by OrdersController#new as HTML
  Rendering layout layouts/application.html.erb
  Rendering orders/new.html.erb within layouts/application
  Rendered orders/new.html.erb within layouts/application (Duration: 2.4ms | GC: 0.0ms)
  Rendered layout layouts/application.html.erb (Duration: 2.9ms | GC: 0.0ms)
Completed 200 OK in 13ms (Views: 3.5ms | ActiveRecord: 0.0ms (0 queries, 0 cached) | GC: 0.0ms)


Started GET "/orders?user_id=&commit=Buscar" for ::1 at 2025-07-21 17:15:21 -0300
Processing by OrdersController#index as HTML
  Parameters: {"user_id"=>"", "commit"=>"Buscar"}
  Rendering layout layouts/application.html.erb
  Rendering orders/index.html.erb within layouts/application
  Rendered orders/index.html.erb within layouts/application (Duration: 21.9ms | GC: 18.7ms)
  Rendered layout layouts/application.html.erb (Duration: 26.0ms | GC: 19.2ms)
Completed 200 OK in 42ms (Views: 28.8ms | ActiveRecord: 0.0ms (0 queries, 0 cached) | GC: 19.2ms)


Started GET "/orders/new" for ::1 at 2025-07-21 17:15:22 -0300
Processing by OrdersController#new as HTML
  Rendering layout layouts/application.html.erb
  Rendering orders/new.html.erb within layouts/application
  Rendered orders/new.html.erb within layouts/application (Duration: 2.3ms | GC: 0.0ms)
  Rendered layout layouts/application.html.erb (Duration: 2.8ms | GC: 0.0ms)
Completed 200 OK in 11ms (Views: 3.4ms | ActiveRecord: 0.0ms (0 queries, 0 cached) | GC: 0.0ms)


Started GET "/orders" for ::1 at 2025-07-21 17:15:34 -0300
Processing by OrdersController#index as HTML
  Rendering layout layouts/application.html.erb
  Rendering orders/index.html.erb within layouts/application
  Rendered orders/index.html.erb within layouts/application (Duration: 1.8ms | GC: 0.0ms)
  Rendered layout layouts/application.html.erb (Duration: 3.0ms | GC: 0.3ms)
Completed 200 OK in 12ms (Views: 3.2ms | ActiveRecord: 0.0ms (0 queries, 0 cached) | GC: 0.3ms)


Started GET "/orders/new" for ::1 at 2025-07-21 17:15:42 -0300
Processing by OrdersController#new as HTML
  Rendering layout layouts/application.html.erb
  Rendering orders/new.html.erb within layouts/application
  Rendered orders/new.html.erb within layouts/application (Duration: 2.9ms | GC: 0.0ms)
  Rendered layout layouts/application.html.erb (Duration: 3.7ms | GC: 0.0ms)
Completed 200 OK in 12ms (Views: 4.0ms | ActiveRecord: 0.0ms (0 queries, 0 cached) | GC: 0.0ms)


Started POST "/orders" for ::1 at 2025-07-21 17:16:35 -0300
Processing by OrdersController#create as TURBO_STREAM
  Parameters: {"authenticity_token"=>"[FILTERED]", "order"=>{"user_id"=>"10", "pickup_address"=>"Rua das Flores, 123- Centro.", "delivery_address"=>"Rua Americo Vespúcio, 1131 - Itaperi.", "items_description"=>"1 smartwatch\n\n", "estimated_value"=>"300"}, "commit"=>"Criar Pedido"}
  [1m[36mTRANSACTION (0.1ms)[0m  [1m[35mBEGIN immediate TRANSACTION /*action='create',application='DeliverySystem',controller='orders'*/[0m
  ↳ app/controllers/orders_controller.rb:30:in `block in create'
  [1m[36mOrder Create (1.1ms)[0m  [1m[32mINSERT INTO "orders" ("user_id", "pickup_address", "delivery_address", "items_description", "requested_at", "estimated_value", "created_at", "updated_at") VALUES (10, 'Rua das Flores, 123- Centro.', 'Rua Americo Vespúcio, 1131 - Itaperi.', '1 smartwatch

', '2025-07-21 20:16:35.644248', 300.0, '2025-07-21 20:16:35.646099', '2025-07-21 20:16:35.646099') RETURNING "id" /*action='create',application='DeliverySystem',controller='orders'*/[0m
  ↳ app/controllers/orders_controller.rb:30:in `block in create'
  [1m[36mTRANSACTION (0.1ms)[0m  [1m[35mCOMMIT TRANSACTION /*action='create',application='DeliverySystem',controller='orders'*/[0m
  ↳ app/controllers/orders_controller.rb:30:in `block in create'
Redirected to http://localhost:3000/orders
Completed 302 Found in 32ms (ActiveRecord: 1.3ms (1 query, 0 cached) | GC: 0.3ms)


Started GET "/orders" for ::1 at 2025-07-21 17:16:35 -0300
Processing by OrdersController#index as TURBO_STREAM
  Rendering layout layouts/application.html.erb
  Rendering orders/index.html.erb within layouts/application
  Rendered orders/index.html.erb within layouts/application (Duration: 0.7ms | GC: 0.0ms)
  Rendered layout layouts/application.html.erb (Duration: 4.8ms | GC: 0.0ms)
Completed 200 OK in 14ms (Views: 5.9ms | ActiveRecord: 0.0ms (0 queries, 0 cached) | GC: 0.0ms)


  [1m[35m (106.4ms)[0m  [1m[35mCREATE DATABASE "storage/development"."sqlite3" ENCODING = 'unicode' /*application='DeliverySystem'*/[0m
  [1m[35mSQL (0.1ms)[0m  [1m[35mSET search_path TO public /*application='DeliverySystem'*/[0m
  [1m[35m (56.6ms)[0m  [1m[35mCREATE DATABASE "delivery_system_development" ENCODING = 'unicode' /*application='DeliverySystem'*/[0m
  [1m[35mSQL (0.1ms)[0m  [1m[35mSET search_path TO public /*application='DeliverySystem'*/[0m
  [1m[35m (22.7ms)[0m  [1m[35mCREATE DATABASE "delivery_system_test" ENCODING = 'unicode' /*application='DeliverySystem'*/[0m
  [1m[35m (0.6ms)[0m  [1m[34mSELECT pg_try_advisory_lock(2495696636154605520) /*application='DeliverySystem'*/[0m
  [1m[36mActiveRecord::SchemaMigration Load (0.5ms)[0m  [1m[34mSELECT "schema_migrations"."version" FROM "schema_migrations" ORDER BY "schema_migrations"."version" ASC /*application='DeliverySystem'*/[0m
  [1m[36mActiveRecord::InternalMetadata Load (0.6ms)[0m  [1m[34mSELECT * FROM "ar_internal_metadata" WHERE "ar_internal_metadata"."key" = 'environment' ORDER BY "ar_internal_metadata"."key" ASC LIMIT 1 /*application='DeliverySystem'*/[0m
Migrating to CreateOrders (20250721200231)
  [1m[36mTRANSACTION (1.2ms)[0m  [1m[35mBEGIN /*application='DeliverySystem'*/[0m
  [1m[35m (27.3ms)[0m  [1m[35mCREATE TABLE "orders" ("id" bigserial primary key, "user_id" integer NOT NULL, "pickup_address" character varying NOT NULL, "delivery_address" character varying NOT NULL, "items_description" text NOT NULL, "requested_at" timestamp(6) NOT NULL, "estimated_value" decimal(10,2) NOT NULL, "created_at" timestamp(6) NOT NULL, "updated_at" timestamp(6) NOT NULL) /*application='DeliverySystem'*/[0m
  [1m[36mTRANSACTION (0.3ms)[0m  [1m[31mROLLBACK /*application='DeliverySystem'*/[0m
  [1m[35m (0.4ms)[0m  [1m[34mSELECT pg_advisory_unlock(2495696636154605520) /*application='DeliverySystem'*/[0m
  [1m[36mActiveRecord::SchemaMigration Load (0.6ms)[0m  [1m[34mSELECT "schema_migrations"."version" FROM "schema_migrations" ORDER BY "schema_migrations"."version" ASC /*application='DeliverySystem'*/[0m
  [1m[36mActiveRecord::InternalMetadata Load (0.5ms)[0m  [1m[34mSELECT * FROM "ar_internal_metadata" WHERE "ar_internal_metadata"."key" = 'environment' ORDER BY "ar_internal_metadata"."key" ASC LIMIT 1 /*application='DeliverySystem'*/[0m
  [1m[36mActiveRecord::SchemaMigration Load (0.3ms)[0m  [1m[34mSELECT "schema_migrations"."version" FROM "schema_migrations" ORDER BY "schema_migrations"."version" ASC /*application='DeliverySystem'*/[0m
  [1m[36mActiveRecord::InternalMetadata Load (0.2ms)[0m  [1m[34mSELECT * FROM "ar_internal_metadata" WHERE "ar_internal_metadata"."key" = 'environment' ORDER BY "ar_internal_metadata"."key" ASC LIMIT 1 /*application='DeliverySystem'*/[0m
  [1m[36mActiveRecord::SchemaMigration Load (0.3ms)[0m  [1m[34mSELECT "schema_migrations"."version" FROM "schema_migrations" ORDER BY "schema_migrations"."version" ASC /*application='DeliverySystem'*/[0m
  [1m[36mActiveRecord::InternalMetadata Load (0.1ms)[0m  [1m[34mSELECT * FROM "ar_internal_metadata" WHERE "ar_internal_metadata"."key" = 'environment' ORDER BY "ar_internal_metadata"."key" ASC LIMIT 1 /*application='DeliverySystem'*/[0m
  [1m[35mSQL (0.1ms)[0m  [1m[35mSET search_path TO public /*application='DeliverySystem'*/[0m
  [1m[35m (694.2ms)[0m  [1m[35mDROP DATABASE IF EXISTS "delivery_system_development" /*application='DeliverySystem'*/[0m
  [1m[35mSQL (1.2ms)[0m  [1m[35mSET search_path TO public /*application='DeliverySystem'*/[0m
  [1m[35m (806.7ms)[0m  [1m[35mDROP DATABASE IF EXISTS "delivery_system_test" /*application='DeliverySystem'*/[0m
  [1m[35mSQL (0.1ms)[0m  [1m[35mSET search_path TO public /*application='DeliverySystem'*/[0m
  [1m[35m (6468.0ms)[0m  [1m[35mCREATE DATABASE "delivery_system_development" ENCODING = 'unicode' /*application='DeliverySystem'*/[0m
  [1m[35mSQL (0.1ms)[0m  [1m[35mSET search_path TO public /*application='DeliverySystem'*/[0m
  [1m[35m (6601.7ms)[0m  [1m[35mCREATE DATABASE "delivery_system_test" ENCODING = 'unicode' /*application='DeliverySystem'*/[0m
  [1m[35m (0.3ms)[0m  [1m[35mDROP TABLE IF EXISTS "orders" CASCADE /*application='DeliverySystem'*/[0m
  [1m[35m (220.0ms)[0m  [1m[35mCREATE TABLE "orders" ("id" bigserial primary key, "user_id" integer NOT NULL, "pickup_address" character varying NOT NULL, "delivery_address" character varying NOT NULL, "items_description" text NOT NULL, "requested_at" timestamp(6) NOT NULL, "estimated_value" decimal(10,2) NOT NULL, "created_at" timestamp(6) NOT NULL, "updated_at" timestamp(6) NOT NULL) /*application='DeliverySystem'*/[0m
  [1m[35m (135.0ms)[0m  [1m[35mCREATE INDEX "index_orders_on_requested_at" ON "orders" ("requested_at") /*application='DeliverySystem'*/[0m
  [1m[35m (173.6ms)[0m  [1m[35mCREATE INDEX "index_orders_on_user_id" ON "orders" ("user_id") /*application='DeliverySystem'*/[0m
  [1m[35m (35.4ms)[0m  [1m[35mCREATE TABLE "schema_migrations" ("version" character varying NOT NULL PRIMARY KEY) /*application='DeliverySystem'*/[0m
  [1m[36mActiveRecord::SchemaMigration Load (0.3ms)[0m  [1m[34mSELECT "schema_migrations"."version" FROM "schema_migrations" ORDER BY "schema_migrations"."version" ASC /*application='DeliverySystem'*/[0m
  [1m[35m (6.6ms)[0m  [1m[32mINSERT INTO "schema_migrations" (version) VALUES (20250721200231) /*application='DeliverySystem'*/[0m
  [1m[35m (60.8ms)[0m  [1m[35mCREATE TABLE "ar_internal_metadata" ("key" character varying NOT NULL PRIMARY KEY, "value" character varying, "created_at" timestamp(6) NOT NULL, "updated_at" timestamp(6) NOT NULL) /*application='DeliverySystem'*/[0m
  [1m[36mActiveRecord::InternalMetadata Load (0.7ms)[0m  [1m[34mSELECT * FROM "ar_internal_metadata" WHERE "ar_internal_metadata"."key" = 'environment' ORDER BY "ar_internal_metadata"."key" ASC LIMIT 1 /*application='DeliverySystem'*/[0m
  [1m[36mActiveRecord::InternalMetadata Create (41.9ms)[0m  [1m[32mINSERT INTO "ar_internal_metadata" ("key", "value", "created_at", "updated_at") VALUES ('environment', 'development', '2025-07-21 20:21:21.633848', '2025-07-21 20:21:21.633850') RETURNING "key" /*application='DeliverySystem'*/[0m
  [1m[36mActiveRecord::InternalMetadata Load (0.2ms)[0m  [1m[34mSELECT * FROM "ar_internal_metadata" WHERE "ar_internal_metadata"."key" = 'environment' ORDER BY "ar_internal_metadata"."key" ASC LIMIT 1 /*application='DeliverySystem'*/[0m
  [1m[36mActiveRecord::InternalMetadata Load (0.1ms)[0m  [1m[34mSELECT * FROM "ar_internal_metadata" WHERE "ar_internal_metadata"."key" = 'schema_sha1' ORDER BY "ar_internal_metadata"."key" ASC LIMIT 1 /*application='DeliverySystem'*/[0m
  [1m[36mActiveRecord::InternalMetadata Create (44.5ms)[0m  [1m[32mINSERT INTO "ar_internal_metadata" ("key", "value", "created_at", "updated_at") VALUES ('schema_sha1', '5043ea4fb0180552e17a3dc021148eee11f23fd6', '2025-07-21 20:21:21.680938', '2025-07-21 20:21:21.680941') RETURNING "key" /*application='DeliverySystem'*/[0m
  [1m[35m (0.2ms)[0m  [1m[34mSELECT pg_try_advisory_lock(2495696636154605520) /*application='DeliverySystem'*/[0m
  [1m[36mActiveRecord::SchemaMigration Load (0.1ms)[0m  [1m[34mSELECT "schema_migrations"."version" FROM "schema_migrations" ORDER BY "schema_migrations"."version" ASC /*application='DeliverySystem'*/[0m
  [1m[36mActiveRecord::InternalMetadata Load (0.1ms)[0m  [1m[34mSELECT * FROM "ar_internal_metadata" WHERE "ar_internal_metadata"."key" = 'environment' ORDER BY "ar_internal_metadata"."key" ASC LIMIT 1 /*application='DeliverySystem'*/[0m
  [1m[35m (0.1ms)[0m  [1m[34mSELECT pg_advisory_unlock(2495696636154605520) /*application='DeliverySystem'*/[0m
  [1m[36mActiveRecord::SchemaMigration Load (0.1ms)[0m  [1m[34mSELECT "schema_migrations"."version" FROM "schema_migrations" ORDER BY "schema_migrations"."version" ASC /*application='DeliverySystem'*/[0m
  [1m[35m (0.2ms)[0m  [1m[34mSELECT pg_try_advisory_lock(2495696636154605520) /*application='DeliverySystem'*/[0m
  [1m[36mActiveRecord::SchemaMigration Load (0.6ms)[0m  [1m[34mSELECT "schema_migrations"."version" FROM "schema_migrations" ORDER BY "schema_migrations"."version" ASC /*application='DeliverySystem'*/[0m
  [1m[36mActiveRecord::InternalMetadata Load (0.5ms)[0m  [1m[34mSELECT * FROM "ar_internal_metadata" WHERE "ar_internal_metadata"."key" = 'environment' ORDER BY "ar_internal_metadata"."key" ASC LIMIT 1 /*application='DeliverySystem'*/[0m
  [1m[35m (0.2ms)[0m  [1m[34mSELECT pg_advisory_unlock(2495696636154605520) /*application='DeliverySystem'*/[0m
  [1m[36mActiveRecord::SchemaMigration Load (0.3ms)[0m  [1m[34mSELECT "schema_migrations"."version" FROM "schema_migrations" ORDER BY "schema_migrations"."version" ASC /*application='DeliverySystem'*/[0m
  [1m[36mActiveRecord::SchemaMigration Load (0.4ms)[0m  [1m[34mSELECT "schema_migrations"."version" FROM "schema_migrations" ORDER BY "schema_migrations"."version" ASC /*application='DeliverySystem'*/[0m
Started GET "/orders" for ::1 at 2025-07-21 17:22:35 -0300
Processing by OrdersController#index as HTML
  Rendering layout layouts/application.html.erb
  Rendering orders/index.html.erb within layouts/application
  Rendered orders/index.html.erb within layouts/application (Duration: 5.9ms | GC: 0.0ms)
  Rendered layout layouts/application.html.erb (Duration: 16.1ms | GC: 0.0ms)
Completed 200 OK in 29ms (Views: 18.7ms | ActiveRecord: 0.0ms (0 queries, 0 cached) | GC: 0.0ms)


Started GET "/orders/new" for ::1 at 2025-07-21 17:22:40 -0300
Processing by OrdersController#new as HTML
  Rendering layout layouts/application.html.erb
  Rendering orders/new.html.erb within layouts/application
  Rendered orders/new.html.erb within layouts/application (Duration: 15.5ms | GC: 12.3ms)
  Rendered layout layouts/application.html.erb (Duration: 17.6ms | GC: 12.3ms)
Completed 200 OK in 49ms (Views: 18.1ms | ActiveRecord: 2.2ms (0 queries, 0 cached) | GC: 12.3ms)


Started GET "/orders" for ::1 at 2025-07-21 17:22:41 -0300
Processing by OrdersController#index as HTML
  Rendering layout layouts/application.html.erb
  Rendering orders/index.html.erb within layouts/application
  Rendered orders/index.html.erb within layouts/application (Duration: 1.8ms | GC: 0.4ms)
  Rendered layout layouts/application.html.erb (Duration: 3.3ms | GC: 0.4ms)
Completed 200 OK in 11ms (Views: 3.6ms | ActiveRecord: 0.0ms (0 queries, 0 cached) | GC: 0.4ms)


Started GET "/orders/new" for ::1 at 2025-07-21 17:22:41 -0300
Processing by OrdersController#new as HTML
  Rendering layout layouts/application.html.erb
  Rendering orders/new.html.erb within layouts/application
  Rendered orders/new.html.erb within layouts/application (Duration: 1.5ms | GC: 0.0ms)
  Rendered layout layouts/application.html.erb (Duration: 2.2ms | GC: 0.0ms)
Completed 200 OK in 10ms (Views: 2.5ms | ActiveRecord: 0.0ms (0 queries, 0 cached) | GC: 0.0ms)


Started GET "/orders" for ::1 at 2025-07-21 17:22:43 -0300
Processing by OrdersController#index as HTML
  Rendering layout layouts/application.html.erb
  Rendering orders/index.html.erb within layouts/application
  Rendered orders/index.html.erb within layouts/application (Duration: 1.0ms | GC: 0.0ms)
  Rendered layout layouts/application.html.erb (Duration: 2.8ms | GC: 0.0ms)
Completed 200 OK in 12ms (Views: 3.1ms | ActiveRecord: 0.0ms (0 queries, 0 cached) | GC: 0.0ms)


Started GET "/orders/new" for ::1 at 2025-07-21 17:22:44 -0300
Processing by OrdersController#new as HTML
  Rendering layout layouts/application.html.erb
  Rendering orders/new.html.erb within layouts/application
  Rendered orders/new.html.erb within layouts/application (Duration: 2.0ms | GC: 0.2ms)
  Rendered layout layouts/application.html.erb (Duration: 4.1ms | GC: 0.2ms)
Completed 200 OK in 13ms (Views: 5.0ms | ActiveRecord: 0.0ms (0 queries, 0 cached) | GC: 0.2ms)


Started POST "/orders" for ::1 at 2025-07-21 17:23:14 -0300
Processing by OrdersController#create as TURBO_STREAM
  Parameters: {"authenticity_token"=>"[FILTERED]", "order"=>{"user_id"=>"1", "pickup_address"=>"Rua americo vespúcio, 1131 - Itaperi", "delivery_address"=>"Av. Principal,456 - Bairro Novo.", "items_description"=>"1 smartwatch", "estimated_value"=>"300"}, "commit"=>"Criar Pedido"}
  [1m[36mTRANSACTION (0.1ms)[0m  [1m[35mBEGIN immediate TRANSACTION /*action='create',application='DeliverySystem',controller='orders'*/[0m
  ↳ app/controllers/orders_controller.rb:30:in `block in create'
  [1m[36mOrder Create (1.2ms)[0m  [1m[32mINSERT INTO "orders" ("user_id", "pickup_address", "delivery_address", "items_description", "requested_at", "estimated_value", "created_at", "updated_at") VALUES (1, 'Rua americo vespúcio, 1131 - Itaperi', 'Av. Principal,456 - Bairro Novo.', '1 smartwatch', '2025-07-21 20:23:14.110440', 300.0, '2025-07-21 20:23:14.113234', '2025-07-21 20:23:14.113234') RETURNING "id" /*action='create',application='DeliverySystem',controller='orders'*/[0m
  ↳ app/controllers/orders_controller.rb:30:in `block in create'
  [1m[36mTRANSACTION (106.7ms)[0m  [1m[35mCOMMIT TRANSACTION /*action='create',application='DeliverySystem',controller='orders'*/[0m
  ↳ app/controllers/orders_controller.rb:30:in `block in create'
Redirected to http://localhost:3000/orders
Completed 302 Found in 138ms (ActiveRecord: 107.7ms (1 query, 0 cached) | GC: 0.5ms)


Started GET "/orders" for ::1 at 2025-07-21 17:23:14 -0300
Processing by OrdersController#index as TURBO_STREAM
  Rendering layout layouts/application.html.erb
  Rendering orders/index.html.erb within layouts/application
  Rendered orders/index.html.erb within layouts/application (Duration: 0.4ms | GC: 0.0ms)
  Rendered layout layouts/application.html.erb (Duration: 1.7ms | GC: 0.0ms)
Completed 200 OK in 9ms (Views: 1.9ms | ActiveRecord: 0.0ms (0 queries, 0 cached) | GC: 0.0ms)


Started GET "/orders/new" for ::1 at 2025-07-21 17:23:19 -0300
Processing by OrdersController#new as HTML
  Rendering layout layouts/application.html.erb
  Rendering orders/new.html.erb within layouts/application
  Rendered orders/new.html.erb within layouts/application (Duration: 3.4ms | GC: 0.8ms)
  Rendered layout layouts/application.html.erb (Duration: 4.8ms | GC: 0.8ms)
Completed 200 OK in 16ms (Views: 5.4ms | ActiveRecord: 0.0ms (0 queries, 0 cached) | GC: 4.4ms)


Started GET "/orders" for ::1 at 2025-07-21 17:23:21 -0300
Processing by OrdersController#index as HTML
  Rendering layout layouts/application.html.erb
  Rendering orders/index.html.erb within layouts/application
  Rendered orders/index.html.erb within layouts/application (Duration: 1.6ms | GC: 1.2ms)
  Rendered layout layouts/application.html.erb (Duration: 3.2ms | GC: 2.2ms)
Completed 200 OK in 12ms (Views: 3.5ms | ActiveRecord: 0.0ms (0 queries, 0 cached) | GC: 2.6ms)


Started GET "/orders" for ::1 at 2025-07-21 17:23:23 -0300
Processing by OrdersController#index as HTML
  Rendering layout layouts/application.html.erb
  Rendering orders/index.html.erb within layouts/application
  Rendered orders/index.html.erb within layouts/application (Duration: 4.6ms | GC: 4.5ms)
  Rendered layout layouts/application.html.erb (Duration: 15.8ms | GC: 13.2ms)
Completed 200 OK in 27ms (Views: 16.1ms | ActiveRecord: 0.0ms (0 queries, 0 cached) | GC: 16.2ms)


Started GET "/" for 127.0.0.1 at 2025-07-21 17:24:44 -0300
Processing by OrdersController#index as HTML
  Rendering layout layouts/application.html.erb
  Rendering orders/index.html.erb within layouts/application
  Rendered orders/index.html.erb within layouts/application (Duration: 4.6ms | GC: 4.0ms)
  Rendered layout layouts/application.html.erb (Duration: 5.8ms | GC: 4.0ms)
Completed 200 OK in 20ms (Views: 6.1ms | ActiveRecord: 0.0ms (0 queries, 0 cached) | GC: 10.1ms)


Started GET "/assets/application-8b441ae0.css" for 127.0.0.1 at 2025-07-21 17:24:44 -0300
Started GET "/assets/application-bfcdf840.js" for 127.0.0.1 at 2025-07-21 17:24:44 -0300
Started GET "/assets/turbo.min-3a2e143f.js" for 127.0.0.1 at 2025-07-21 17:24:44 -0300
Started GET "/assets/controllers/hello_controller-708796bd.js" for 127.0.0.1 at 2025-07-21 17:24:44 -0300
Started GET "/assets/controllers/index-ee64e1f1.js" for 127.0.0.1 at 2025-07-21 17:24:44 -0300
Started GET "/assets/stimulus.min-4b1e420e.js" for 127.0.0.1 at 2025-07-21 17:24:44 -0300
Started GET "/assets/stimulus-loading-1fc53fe7.js" for 127.0.0.1 at 2025-07-21 17:24:44 -0300
Started GET "/assets/controllers/application-3affb389.js" for 127.0.0.1 at 2025-07-21 17:24:44 -0300
Started GET "/orders" for 127.0.0.1 at 2025-07-21 17:24:46 -0300
Processing by OrdersController#index as HTML
  Rendering layout layouts/application.html.erb
  Rendering orders/index.html.erb within layouts/application
  Rendered orders/index.html.erb within layouts/application (Duration: 0.6ms | GC: 0.0ms)
  Rendered layout layouts/application.html.erb (Duration: 1.8ms | GC: 0.0ms)
Completed 200 OK in 10ms (Views: 2.2ms | ActiveRecord: 0.0ms (0 queries, 0 cached) | GC: 0.0ms)


Started GET "/" for ::1 at 2025-07-21 17:26:41 -0300
  [1m[36mActiveRecord::SchemaMigration Load (0.8ms)[0m  [1m[34mSELECT "schema_migrations"."version" FROM "schema_migrations" ORDER BY "schema_migrations"."version" ASC /*application='DeliverySystem'*/[0m
Processing by OrdersController#index as HTML
  Rendering layout layouts/application.html.erb
  Rendering orders/index.html.erb within layouts/application
  Rendered orders/index.html.erb within layouts/application (Duration: 6.0ms | GC: 0.0ms)
  Rendered layout layouts/application.html.erb (Duration: 18.9ms | GC: 0.0ms)
Completed 200 OK in 203ms (Views: 22.1ms | ActiveRecord: 0.0ms (0 queries, 0 cached) | GC: 54.2ms)


Started GET "/orders/new" for ::1 at 2025-07-21 17:26:43 -0300
Processing by OrdersController#new as HTML
  Rendering layout layouts/application.html.erb
  Rendering orders/new.html.erb within layouts/application
  Rendered orders/new.html.erb within layouts/application (Duration: 5.1ms | GC: 0.0ms)
  Rendered layout layouts/application.html.erb (Duration: 6.8ms | GC: 0.0ms)
Completed 200 OK in 85ms (Views: 8.2ms | ActiveRecord: 23.6ms (0 queries, 0 cached) | GC: 16.3ms)


Started GET "/orders/new" for ::1 at 2025-07-21 17:26:44 -0300
Processing by OrdersController#new as HTML
  Rendering layout layouts/application.html.erb
  Rendering orders/new.html.erb within layouts/application
  Rendered orders/new.html.erb within layouts/application (Duration: 3.4ms | GC: 0.0ms)
  Rendered layout layouts/application.html.erb (Duration: 6.0ms | GC: 0.0ms)
Completed 200 OK in 15ms (Views: 6.4ms | ActiveRecord: 0.0ms (0 queries, 0 cached) | GC: 0.0ms)


Started GET "/orders/new" for ::1 at 2025-07-21 17:26:45 -0300
Processing by OrdersController#new as HTML
  Rendering layout layouts/application.html.erb
  Rendering orders/new.html.erb within layouts/application
  Rendered orders/new.html.erb within layouts/application (Duration: 7.4ms | GC: 0.0ms)
  Rendered layout layouts/application.html.erb (Duration: 8.5ms | GC: 0.0ms)
Completed 200 OK in 17ms (Views: 8.9ms | ActiveRecord: 0.0ms (0 queries, 0 cached) | GC: 0.0ms)


Started POST "/orders" for ::1 at 2025-07-21 17:27:04 -0300
Processing by OrdersController#create as TURBO_STREAM
  Parameters: {"authenticity_token"=>"[FILTERED]", "order"=>{"user_id"=>"1", "pickup_address"=>"Rua americo vespúcio, 1131 - Itaperi", "delivery_address"=>"Rua Americo Vespúcio, 1131 - Itaperi.", "items_description"=>"1 smartwatch", "estimated_value"=>"300"}, "commit"=>"Criar Pedido"}
  [1m[36mTRANSACTION (0.2ms)[0m  [1m[35mBEGIN /*action='create',application='DeliverySystem',controller='orders'*/[0m
  ↳ app/controllers/orders_controller.rb:30:in `block in create'
  [1m[36mOrder Create (3.4ms)[0m  [1m[32mINSERT INTO "orders" ("user_id", "pickup_address", "delivery_address", "items_description", "requested_at", "estimated_value", "created_at", "updated_at") VALUES (1, 'Rua americo vespúcio, 1131 - Itaperi', 'Rua Americo Vespúcio, 1131 - Itaperi.', '1 smartwatch', '2025-07-21 20:27:04.674636', 300.0, '2025-07-21 20:27:04.676379', '2025-07-21 20:27:04.676379') RETURNING "id" /*action='create',application='DeliverySystem',controller='orders'*/[0m
  ↳ app/controllers/orders_controller.rb:30:in `block in create'
  [1m[36mTRANSACTION (155.9ms)[0m  [1m[35mCOMMIT /*action='create',application='DeliverySystem',controller='orders'*/[0m
  ↳ app/controllers/orders_controller.rb:30:in `block in create'
Redirected to http://localhost:3000/orders
Completed 302 Found in 192ms (ActiveRecord: 159.5ms (1 query, 0 cached) | GC: 0.0ms)


Started GET "/orders" for ::1 at 2025-07-21 17:27:04 -0300
Processing by OrdersController#index as TURBO_STREAM
  Rendering layout layouts/application.html.erb
  Rendering orders/index.html.erb within layouts/application
  Rendered orders/index.html.erb within layouts/application (Duration: 2.0ms | GC: 0.0ms)
  Rendered layout layouts/application.html.erb (Duration: 7.2ms | GC: 0.0ms)
Completed 200 OK in 19ms (Views: 8.4ms | ActiveRecord: 0.0ms (0 queries, 0 cached) | GC: 0.0ms)


Started GET "/orders/new" for ::1 at 2025-07-21 17:27:08 -0300
Processing by OrdersController#new as HTML
  Rendering layout layouts/application.html.erb
  Rendering orders/new.html.erb within layouts/application
  Rendered orders/new.html.erb within layouts/application (Duration: 8.5ms | GC: 0.0ms)
  Rendered layout layouts/application.html.erb (Duration: 9.5ms | GC: 0.0ms)
Completed 200 OK in 19ms (Views: 10.1ms | ActiveRecord: 0.0ms (0 queries, 0 cached) | GC: 0.0ms)


Started GET "/orders" for ::1 at 2025-07-21 17:27:10 -0300
Processing by OrdersController#index as HTML
  Rendering layout layouts/application.html.erb
  Rendering orders/index.html.erb within layouts/application
  Rendered orders/index.html.erb within layouts/application (Duration: 3.0ms | GC: 0.0ms)
  Rendered layout layouts/application.html.erb (Duration: 5.9ms | GC: 0.0ms)
Completed 200 OK in 18ms (Views: 6.6ms | ActiveRecord: 0.0ms (0 queries, 0 cached) | GC: 0.0ms)


Started GET "/orders" for ::1 at 2025-07-21 17:47:52 -0300
  [1m[36mActiveRecord::SchemaMigration Load (1.2ms)[0m  [1m[34mSELECT "schema_migrations"."version" FROM "schema_migrations" ORDER BY "schema_migrations"."version" ASC /*application='DeliverySystem'*/[0m
Processing by OrdersController#index as HTML
  Rendering layout layouts/application.html.erb
  Rendering orders/index.html.erb within layouts/application
  [1m[36mOrder Exists? (0.5ms)[0m  [1m[34mSELECT 1 AS one FROM "orders" LIMIT 1 /*action='index',application='DeliverySystem',controller='orders'*/[0m
  ↳ app/views/orders/index.html.erb:33
  [1m[36mOrder Load (0.5ms)[0m  [1m[34mSELECT "orders".* FROM "orders" ORDER BY "orders"."requested_at" DESC /*action='index',application='DeliverySystem',controller='orders'*/[0m
  ↳ app/views/orders/index.html.erb:35
  [1m[36mOrder Count (0.4ms)[0m  [1m[34mSELECT COUNT(*) FROM "orders" /*action='index',application='DeliverySystem',controller='orders'*/[0m
  ↳ app/views/orders/index.html.erb:84
  [1m[36mCACHE Order Count (0.1ms)[0m  [1m[34mSELECT COUNT(*) FROM "orders"[0m
  ↳ app/views/orders/index.html.erb:84
  Rendered orders/index.html.erb within layouts/application (Duration: 48.3ms | GC: 15.7ms)
  Rendered layout layouts/application.html.erb (Duration: 61.2ms | GC: 15.7ms)
Completed 200 OK in 310ms (Views: 61.5ms | ActiveRecord: 14.3ms (4 queries, 1 cached) | GC: 83.3ms)


Started GET "/orders/1" for ::1 at 2025-07-21 17:48:00 -0300
Processing by OrdersController#show as HTML
  Parameters: {"id"=>"1"}
  [1m[36mOrder Load (1.0ms)[0m  [1m[34mSELECT "orders".* FROM "orders" WHERE "orders"."id" = 1 LIMIT 1 /*action='show',application='DeliverySystem',controller='orders'*/[0m
  ↳ app/controllers/orders_controller.rb:51:in `set_order'
  Rendering layout layouts/application.html.erb
  Rendering orders/show.html.erb within layouts/application
  Rendered orders/show.html.erb within layouts/application (Duration: 2.3ms | GC: 0.0ms)
  Rendered layout layouts/application.html.erb (Duration: 5.0ms | GC: 0.0ms)
Completed 200 OK in 25ms (Views: 6.4ms | ActiveRecord: 0.9ms (1 query, 0 cached) | GC: 0.0ms)


Started GET "/orders?user_id=1" for ::1 at 2025-07-21 17:48:03 -0300
Processing by OrdersController#index as HTML
  Parameters: {"user_id"=>"1"}
  Rendering layout layouts/application.html.erb
  Rendering orders/index.html.erb within layouts/application
  [1m[36mOrder Exists? (0.5ms)[0m  [1m[34mSELECT 1 AS one FROM "orders" WHERE "orders"."user_id" = 1 LIMIT 1 /*action='index',application='DeliverySystem',controller='orders'*/[0m
  ↳ app/views/orders/index.html.erb:33
  [1m[36mOrder Load (1.1ms)[0m  [1m[34mSELECT "orders".* FROM "orders" WHERE "orders"."user_id" = 1 ORDER BY "orders"."requested_at" DESC /*action='index',application='DeliverySystem',controller='orders'*/[0m
  ↳ app/views/orders/index.html.erb:35
  [1m[36mOrder Count (0.3ms)[0m  [1m[34mSELECT COUNT(*) FROM "orders" WHERE "orders"."user_id" = 1 /*action='index',application='DeliverySystem',controller='orders'*/[0m
  ↳ app/views/orders/index.html.erb:84
  [1m[36mCACHE Order Count (0.5ms)[0m  [1m[34mSELECT COUNT(*) FROM "orders" WHERE "orders"."user_id" = 1[0m
  ↳ app/views/orders/index.html.erb:84
  Rendered orders/index.html.erb within layouts/application (Duration: 14.4ms | GC: 0.0ms)
  Rendered layout layouts/application.html.erb (Duration: 16.2ms | GC: 0.0ms)
Completed 200 OK in 26ms (Views: 15.7ms | ActiveRecord: 1.0ms (4 queries, 1 cached) | GC: 0.0ms)


Started GET "/orders?user_id=1" for ::1 at 2025-07-21 17:48:04 -0300
Processing by OrdersController#index as HTML
  Parameters: {"user_id"=>"1"}
  Rendering layout layouts/application.html.erb
  Rendering orders/index.html.erb within layouts/application
  [1m[36mOrder Exists? (0.6ms)[0m  [1m[34mSELECT 1 AS one FROM "orders" WHERE "orders"."user_id" = 1 LIMIT 1 /*action='index',application='DeliverySystem',controller='orders'*/[0m
  ↳ app/views/orders/index.html.erb:33
  [1m[36mOrder Load (0.5ms)[0m  [1m[34mSELECT "orders".* FROM "orders" WHERE "orders"."user_id" = 1 ORDER BY "orders"."requested_at" DESC /*action='index',application='DeliverySystem',controller='orders'*/[0m
  ↳ app/views/orders/index.html.erb:35
  [1m[36mOrder Count (0.4ms)[0m  [1m[34mSELECT COUNT(*) FROM "orders" WHERE "orders"."user_id" = 1 /*action='index',application='DeliverySystem',controller='orders'*/[0m
  ↳ app/views/orders/index.html.erb:84
  [1m[36mCACHE Order Count (0.0ms)[0m  [1m[34mSELECT COUNT(*) FROM "orders" WHERE "orders"."user_id" = 1[0m
  ↳ app/views/orders/index.html.erb:84
  Rendered orders/index.html.erb within layouts/application (Duration: 22.0ms | GC: 0.0ms)
  Rendered layout layouts/application.html.erb (Duration: 24.2ms | GC: 0.0ms)
Completed 200 OK in 34ms (Views: 23.2ms | ActiveRecord: 1.4ms (4 queries, 1 cached) | GC: 0.0ms)


Started GET "/orders" for ::1 at 2025-07-21 17:48:05 -0300
Processing by OrdersController#index as HTML
  Rendering layout layouts/application.html.erb
  Rendering orders/index.html.erb within layouts/application
  [1m[36mOrder Exists? (0.4ms)[0m  [1m[34mSELECT 1 AS one FROM "orders" LIMIT 1 /*action='index',application='DeliverySystem',controller='orders'*/[0m
  ↳ app/views/orders/index.html.erb:33
  [1m[36mOrder Load (0.5ms)[0m  [1m[34mSELECT "orders".* FROM "orders" ORDER BY "orders"."requested_at" DESC /*action='index',application='DeliverySystem',controller='orders'*/[0m
  ↳ app/views/orders/index.html.erb:35
  [1m[36mOrder Count (0.3ms)[0m  [1m[34mSELECT COUNT(*) FROM "orders" /*action='index',application='DeliverySystem',controller='orders'*/[0m
  ↳ app/views/orders/index.html.erb:84
  [1m[36mCACHE Order Count (0.0ms)[0m  [1m[34mSELECT COUNT(*) FROM "orders"[0m
  ↳ app/views/orders/index.html.erb:84
  Rendered orders/index.html.erb within layouts/application (Duration: 21.6ms | GC: 0.0ms)
  Rendered layout layouts/application.html.erb (Duration: 24.5ms | GC: 0.0ms)
Completed 200 OK in 37ms (Views: 24.6ms | ActiveRecord: 1.2ms (4 queries, 1 cached) | GC: 0.0ms)


Started GET "/orders?user_id=1" for ::1 at 2025-07-21 17:48:05 -0300
Processing by OrdersController#index as HTML
  Parameters: {"user_id"=>"1"}
  Rendering layout layouts/application.html.erb
  Rendering orders/index.html.erb within layouts/application
  [1m[36mOrder Exists? (0.4ms)[0m  [1m[34mSELECT 1 AS one FROM "orders" WHERE "orders"."user_id" = 1 LIMIT 1 /*action='index',application='DeliverySystem',controller='orders'*/[0m
  ↳ app/views/orders/index.html.erb:33
  [1m[36mOrder Load (0.2ms)[0m  [1m[34mSELECT "orders".* FROM "orders" WHERE "orders"."user_id" = 1 ORDER BY "orders"."requested_at" DESC /*action='index',application='DeliverySystem',controller='orders'*/[0m
  ↳ app/views/orders/index.html.erb:35
  [1m[36mOrder Count (0.3ms)[0m  [1m[34mSELECT COUNT(*) FROM "orders" WHERE "orders"."user_id" = 1 /*action='index',application='DeliverySystem',controller='orders'*/[0m
  ↳ app/views/orders/index.html.erb:84
  [1m[36mCACHE Order Count (0.0ms)[0m  [1m[34mSELECT COUNT(*) FROM "orders" WHERE "orders"."user_id" = 1[0m
  ↳ app/views/orders/index.html.erb:84
  Rendered orders/index.html.erb within layouts/application (Duration: 9.7ms | GC: 0.0ms)
  Rendered layout layouts/application.html.erb (Duration: 10.9ms | GC: 0.0ms)
Completed 200 OK in 22ms (Views: 10.4ms | ActiveRecord: 0.9ms (4 queries, 1 cached) | GC: 0.0ms)


Started GET "/orders" for ::1 at 2025-07-21 17:48:22 -0300
Processing by OrdersController#index as HTML
  Rendering layout layouts/application.html.erb
  Rendering orders/index.html.erb within layouts/application
  [1m[36mOrder Exists? (0.5ms)[0m  [1m[34mSELECT 1 AS one FROM "orders" LIMIT 1 /*action='index',application='DeliverySystem',controller='orders'*/[0m
  ↳ app/views/orders/index.html.erb:33
  [1m[36mOrder Load (0.2ms)[0m  [1m[34mSELECT "orders".* FROM "orders" ORDER BY "orders"."requested_at" DESC /*action='index',application='DeliverySystem',controller='orders'*/[0m
  ↳ app/views/orders/index.html.erb:35
  [1m[36mOrder Count (0.3ms)[0m  [1m[34mSELECT COUNT(*) FROM "orders" /*action='index',application='DeliverySystem',controller='orders'*/[0m
  ↳ app/views/orders/index.html.erb:84
  [1m[36mCACHE Order Count (0.0ms)[0m  [1m[34mSELECT COUNT(*) FROM "orders"[0m
  ↳ app/views/orders/index.html.erb:84
  Rendered orders/index.html.erb within layouts/application (Duration: 5.4ms | GC: 0.0ms)
  Rendered layout layouts/application.html.erb (Duration: 10.0ms | GC: 0.0ms)
Completed 200 OK in 22ms (Views: 9.4ms | ActiveRecord: 1.0ms (4 queries, 1 cached) | GC: 0.0ms)


Started GET "/orders/new" for ::1 at 2025-07-21 17:48:22 -0300
Processing by OrdersController#new as HTML
  Rendering layout layouts/application.html.erb
  Rendering orders/new.html.erb within layouts/application
  Rendered orders/new.html.erb within layouts/application (Duration: 6.7ms | GC: 0.0ms)
  Rendered layout layouts/application.html.erb (Duration: 8.5ms | GC: 0.0ms)
Completed 200 OK in 21ms (Views: 10.5ms | ActiveRecord: 0.0ms (0 queries, 0 cached) | GC: 0.0ms)


Started GET "/orders/new" for ::1 at 2025-07-21 17:48:23 -0300
Processing by OrdersController#new as HTML
  Rendering layout layouts/application.html.erb
  Rendering orders/new.html.erb within layouts/application
  Rendered orders/new.html.erb within layouts/application (Duration: 19.5ms | GC: 13.3ms)
  Rendered layout layouts/application.html.erb (Duration: 20.0ms | GC: 13.3ms)
Completed 200 OK in 28ms (Views: 20.5ms | ActiveRecord: 0.0ms (0 queries, 0 cached) | GC: 13.3ms)


Started GET "/orders" for ::1 at 2025-07-21 17:48:59 -0300
Processing by OrdersController#index as HTML
  Rendering layout layouts/application.html.erb
  Rendering orders/index.html.erb within layouts/application
  [1m[36mOrder Exists? (0.5ms)[0m  [1m[34mSELECT 1 AS one FROM "orders" LIMIT 1 /*action='index',application='DeliverySystem',controller='orders'*/[0m
  ↳ app/views/orders/index.html.erb:33
  [1m[36mOrder Load (0.2ms)[0m  [1m[34mSELECT "orders".* FROM "orders" ORDER BY "orders"."requested_at" DESC /*action='index',application='DeliverySystem',controller='orders'*/[0m
  ↳ app/views/orders/index.html.erb:35
  [1m[36mOrder Count (0.2ms)[0m  [1m[34mSELECT COUNT(*) FROM "orders" /*action='index',application='DeliverySystem',controller='orders'*/[0m
  ↳ app/views/orders/index.html.erb:84
  [1m[36mCACHE Order Count (0.0ms)[0m  [1m[34mSELECT COUNT(*) FROM "orders"[0m
  ↳ app/views/orders/index.html.erb:84
  Rendered orders/index.html.erb within layouts/application (Duration: 13.9ms | GC: 0.0ms)
  Rendered layout layouts/application.html.erb (Duration: 17.2ms | GC: 0.0ms)
Completed 200 OK in 29ms (Views: 18.1ms | ActiveRecord: 0.9ms (4 queries, 1 cached) | GC: 0.0ms)


Started POST "/orders" for ::1 at 2025-07-21 17:49:00 -0300
Processing by OrdersController#create as TURBO_STREAM
  Parameters: {"authenticity_token"=>"[FILTERED]", "order"=>{"user_id"=>"2", "pickup_address"=>"Rua americo vespúcio, 936 - Itaperi", "delivery_address"=>"Av. Principal,456 - Bairro Novo.", "items_description"=>"1 iphone 15 pro max", "estimated_value"=>"12000"}, "commit"=>"Criar Pedido"}
  [1m[36mTRANSACTION (0.3ms)[0m  [1m[35mBEGIN /*action='create',application='DeliverySystem',controller='orders'*/[0m
  ↳ app/controllers/orders_controller.rb:30:in `block in create'
  [1m[36mOrder Create (2.5ms)[0m  [1m[32mINSERT INTO "orders" ("user_id", "pickup_address", "delivery_address", "items_description", "requested_at", "estimated_value", "created_at", "updated_at") VALUES (2, 'Rua americo vespúcio, 936 - Itaperi', 'Av. Principal,456 - Bairro Novo.', '1 iphone 15 pro max', '2025-07-21 20:49:00.562402', 12000.0, '2025-07-21 20:49:00.566267', '2025-07-21 20:49:00.566267') RETURNING "id" /*action='create',application='DeliverySystem',controller='orders'*/[0m
  ↳ app/controllers/orders_controller.rb:30:in `block in create'
  [1m[36mTRANSACTION (129.8ms)[0m  [1m[35mCOMMIT /*action='create',application='DeliverySystem',controller='orders'*/[0m
  ↳ app/controllers/orders_controller.rb:30:in `block in create'
Redirected to http://localhost:3000/orders
Completed 302 Found in 176ms (ActiveRecord: 132.5ms (1 query, 0 cached) | GC: 0.3ms)


Started GET "/orders" for ::1 at 2025-07-21 17:49:00 -0300
Processing by OrdersController#index as TURBO_STREAM
  Rendering layout layouts/application.html.erb
  Rendering orders/index.html.erb within layouts/application
  [1m[36mOrder Exists? (0.3ms)[0m  [1m[34mSELECT 1 AS one FROM "orders" LIMIT 1 /*action='index',application='DeliverySystem',controller='orders'*/[0m
  ↳ app/views/orders/index.html.erb:33
  [1m[36mOrder Load (0.2ms)[0m  [1m[34mSELECT "orders".* FROM "orders" ORDER BY "orders"."requested_at" DESC /*action='index',application='DeliverySystem',controller='orders'*/[0m
  ↳ app/views/orders/index.html.erb:35
  [1m[36mOrder Count (0.3ms)[0m  [1m[34mSELECT COUNT(*) FROM "orders" /*action='index',application='DeliverySystem',controller='orders'*/[0m
  ↳ app/views/orders/index.html.erb:84
  [1m[36mCACHE Order Count (0.0ms)[0m  [1m[34mSELECT COUNT(*) FROM "orders"[0m
  ↳ app/views/orders/index.html.erb:84
  Rendered orders/index.html.erb within layouts/application (Duration: 13.0ms | GC: 0.3ms)
  Rendered layout layouts/application.html.erb (Duration: 15.3ms | GC: 0.3ms)
Completed 200 OK in 24ms (Views: 14.8ms | ActiveRecord: 0.8ms (4 queries, 1 cached) | GC: 0.3ms)


Started GET "/orders/new" for ::1 at 2025-07-21 17:49:16 -0300
Processing by OrdersController#new as HTML
  Rendering layout layouts/application.html.erb
  Rendering orders/new.html.erb within layouts/application
  Rendered orders/new.html.erb within layouts/application (Duration: 2.1ms | GC: 0.0ms)
  Rendered layout layouts/application.html.erb (Duration: 2.6ms | GC: 0.0ms)
Completed 200 OK in 10ms (Views: 2.9ms | ActiveRecord: 0.0ms (0 queries, 0 cached) | GC: 0.0ms)


Started GET "/orders/new" for ::1 at 2025-07-21 17:49:17 -0300
Processing by OrdersController#new as HTML
  Rendering layout layouts/application.html.erb
  Rendering orders/new.html.erb within layouts/application
  Rendered orders/new.html.erb within layouts/application (Duration: 2.2ms | GC: 0.0ms)
  Rendered layout layouts/application.html.erb (Duration: 3.2ms | GC: 0.0ms)
Completed 200 OK in 11ms (Views: 3.5ms | ActiveRecord: 0.0ms (0 queries, 0 cached) | GC: 0.0ms)


Started GET "/orders" for ::1 at 2025-07-21 17:49:18 -0300
Processing by OrdersController#index as HTML
  Rendering layout layouts/application.html.erb
  Rendering orders/index.html.erb within layouts/application
  [1m[36mOrder Exists? (0.4ms)[0m  [1m[34mSELECT 1 AS one FROM "orders" LIMIT 1 /*action='index',application='DeliverySystem',controller='orders'*/[0m
  ↳ app/views/orders/index.html.erb:33
  [1m[36mOrder Load (0.2ms)[0m  [1m[34mSELECT "orders".* FROM "orders" ORDER BY "orders"."requested_at" DESC /*action='index',application='DeliverySystem',controller='orders'*/[0m
  ↳ app/views/orders/index.html.erb:35
  [1m[36mOrder Count (0.3ms)[0m  [1m[34mSELECT COUNT(*) FROM "orders" /*action='index',application='DeliverySystem',controller='orders'*/[0m
  ↳ app/views/orders/index.html.erb:84
  [1m[36mCACHE Order Count (0.0ms)[0m  [1m[34mSELECT COUNT(*) FROM "orders"[0m
  ↳ app/views/orders/index.html.erb:84
  Rendered orders/index.html.erb within layouts/application (Duration: 6.2ms | GC: 0.0ms)
  Rendered layout layouts/application.html.erb (Duration: 10.4ms | GC: 0.0ms)
Completed 200 OK in 20ms (Views: 10.4ms | ActiveRecord: 0.8ms (4 queries, 1 cached) | GC: 0.0ms)


